<?xml version="1.0" encoding="UTF-8"?>
<!-- Generated by org.testng.reporters.JUnitXMLReporter -->
<testsuite hostname="D-113064624" ignored="0" name="Practice Tests" tests="3" failures="0" timestamp="13 Dec 2017 05:45:52 GMT" time="199.788" errors="0">
  <testcase name="loginToOutlookTest" time="39.219" classname="com.wipro.webdriver.tests.SendEmailAndVerify"/>
  <testcase name="composeANewEmailAndSendTest" time="94.234" classname="com.wipro.webdriver.tests.SendEmailAndVerify"/>
  <testcase name="searchAndDeleteEmailTest" time="47.336" classname="com.wipro.webdriver.tests.SendEmailAndVerify"/>
</testsuite> <!-- Practice Tests -->
