<?xml version="1.0" encoding="UTF-8"?>
<!-- Generated by org.testng.reporters.JUnitXMLReporter -->
<testsuite hostname="D-113064624" ignored="0" name="MavenProject" tests="7" failures="0" timestamp="08 Dec 2017 08:47:36 GMT" time="23.768" errors="0">
  <testcase name="proceedForRegistrationTest" time="1.377" classname="com.wipro.webdriver.tests.RegistrationAndAddToCart"/>
  <testcase name="setNewUserDetailsTest" time="4.48" classname="com.wipro.webdriver.tests.RegistrationAndAddToCart"/>
  <testcase name="navigateToHomePageTest" time="0.413" classname="com.wipro.webdriver.tests.RegistrationAndAddToCart"/>
  <testcase name="navigateToCommingSoonProductTest" time="2.552" classname="com.wipro.webdriver.tests.RegistrationAndAddToCart"/>
  <testcase name="addProductToTheWishListTest" time="0.752" classname="com.wipro.webdriver.tests.RegistrationAndAddToCart"/>
  <testcase name="addProductToTheCartTest" time="0.902" classname="com.wipro.webdriver.tests.RegistrationAndAddToCart"/>
  <testcase name="removeProductFromWishListTest" time="0.811" classname="com.wipro.webdriver.tests.RegistrationAndAddToCart"/>
</testsuite> <!-- MavenProject -->
