<?xml version="1.0" encoding="UTF-8"?>
<!-- Generated by org.testng.reporters.JUnitXMLReporter -->
<testsuite hostname="D-113064624" ignored="0" name="OpenCart Tests" tests="7" failures="0" timestamp="07 Feb 2018 06:03:05 GMT" time="68.348" errors="0">
  <testcase name="proceedForRegistrationTest" time="4.752" classname="com.wipro.webdriver.tests.RegistrationAndAddToCart"/>
  <testcase name="setNewUserDetailsTest" time="13.107" classname="com.wipro.webdriver.tests.RegistrationAndAddToCart"/>
  <testcase name="navigateToHomePageTest" time="2.085" classname="com.wipro.webdriver.tests.RegistrationAndAddToCart"/>
  <testcase name="navigateToCommingSoonProductTest" time="5.588" classname="com.wipro.webdriver.tests.RegistrationAndAddToCart"/>
  <testcase name="addProductToTheWishListTest" time="4.062" classname="com.wipro.webdriver.tests.RegistrationAndAddToCart"/>
  <testcase name="addProductToTheCartTest" time="4.891" classname="com.wipro.webdriver.tests.RegistrationAndAddToCart"/>
  <testcase name="removeProductFromWishListTest" time="4.981" classname="com.wipro.webdriver.tests.RegistrationAndAddToCart"/>
</testsuite> <!-- OpenCart Tests -->
