<?xml version="1.0" encoding="UTF-8"?>
<!-- Generated by org.testng.reporters.JUnitXMLReporter -->
<testsuite hostname="D-113064624" ignored="2" name="OpenCart Tests" tests="14" failures="0" timestamp="31 Jan 2018 12:15:20 GMT" time="55.513" errors="0">
  <testcase name="@BeforeMethod beforeMethod" time="0.0" classname="com.wipro.webdriver.tests.ExtentReportBaseClass">
    <failure type="java.lang.NullPointerException">
      <![CDATA[java.lang.NullPointerException
	at com.wipro.webdriver.tests.ExtentReportBaseClass.beforeMethod(ExtentReportBaseClass.java:41)
... Removed 26 stack frames]]>
    </failure>
  </testcase> <!-- @BeforeMethod beforeMethod -->
  <testcase name="@AfterMethod getResult" time="0.0" classname="com.wipro.webdriver.tests.ExtentReportBaseClass">
    <skipped/>
  </testcase> <!-- @AfterMethod getResult -->
  <testcase name="@AfterClass stopBrowserTest" time="0.0" classname="com.wipro.webdriver.tests.OrderHistory">
    <skipped/>
  </testcase> <!-- @AfterClass stopBrowserTest -->
  <testcase name="proceedForRegistrationTest" time="3.076" classname="com.wipro.webdriver.tests.RegistrationAndAddToCart"/>
  <testcase name="setNewUserDetailsTest" time="11.362" classname="com.wipro.webdriver.tests.RegistrationAndAddToCart"/>
  <testcase name="navigateToHomePageTest" time="2.363" classname="com.wipro.webdriver.tests.RegistrationAndAddToCart"/>
  <testcase name="navigateToCommingSoonProductTest" time="4.775" classname="com.wipro.webdriver.tests.RegistrationAndAddToCart"/>
  <testcase name="addProductToTheWishListTest" time="3.706" classname="com.wipro.webdriver.tests.RegistrationAndAddToCart"/>
  <testcase name="addProductToTheCartTest" time="3.959" classname="com.wipro.webdriver.tests.RegistrationAndAddToCart"/>
  <testcase name="removeProductFromWishListTest" time="4.025" classname="com.wipro.webdriver.tests.RegistrationAndAddToCart"/>
  <testcase name="loginToOpenCartTest" time="0.001" classname="com.wipro.webdriver.tests.OrderHistory">
    <skipped/>
  </testcase> <!-- loginToOpenCartTest -->
  <testcase name="navigateToHomePageTest" time="0.0" classname="com.wipro.webdriver.tests.OrderHistory">
    <skipped/>
  </testcase> <!-- navigateToHomePageTest -->
  <testcase name="selectFirstFeatureProductAndVerifyTheSameInPDPTest" time="0.0" classname="com.wipro.webdriver.tests.OrderHistory">
    <skipped/>
  </testcase> <!-- selectFirstFeatureProductAndVerifyTheSameInPDPTest -->
  <testcase name="addProductUpdateQtyAndVerifyQtyInCartTest" time="0.0" classname="com.wipro.webdriver.tests.OrderHistory">
    <skipped/>
  </testcase> <!-- addProductUpdateQtyAndVerifyQtyInCartTest -->
  <testcase name="proceedForCheckoutTest" time="0.0" classname="com.wipro.webdriver.tests.OrderHistory">
    <skipped/>
  </testcase> <!-- proceedForCheckoutTest -->
  <testcase name="confirmOrderAndVerifyTest" time="0.0" classname="com.wipro.webdriver.tests.OrderHistory">
    <skipped/>
  </testcase> <!-- confirmOrderAndVerifyTest -->
  <testcase name="verifyOrderInOrderHistoryTest" time="0.0" classname="com.wipro.webdriver.tests.OrderHistory">
    <skipped/>
  </testcase> <!-- verifyOrderInOrderHistoryTest -->
  <testcase name="@BeforeSuite initializeExtentReport" time="0.0" classname="com.wipro.webdriver.tests.ExtentReportBaseClass">
    <ignored/>
  </testcase> <!-- @BeforeSuite initializeExtentReport -->
  <testcase name="@AfterSuite deinitializeExtentReport" time="0.0" classname="com.wipro.webdriver.tests.ExtentReportBaseClass">
    <ignored/>
  </testcase> <!-- @AfterSuite deinitializeExtentReport -->
</testsuite> <!-- OpenCart Tests -->
