<?xml version="1.0" encoding="UTF-8"?>
<testng-results skipped="0" failed="0" ignored="0" total="7" passed="7">
  <reporter-output>
  </reporter-output>
  <suite name="OpenCart Suite" duration-ms="68348" started-at="2018-02-07T06:01:57Z" finished-at="2018-02-07T06:03:05Z">
    <groups>
    </groups>
    <test name="OpenCart Tests" duration-ms="68348" started-at="2018-02-07T06:01:57Z" finished-at="2018-02-07T06:03:05Z">
      <class name="com.wipro.webdriver.tests.RegistrationAndAddToCart">
        <test-method status="PASS" signature="initializeExtentReport()[pri:0, instance:com.wipro.webdriver.tests.RegistrationAndAddToCart@4748a0f9]" name="initializeExtentReport" is-config="true" duration-ms="231" started-at="2018-02-07T11:31:56Z" finished-at="2018-02-07T11:31:57Z">
          <reporter-output>
          </reporter-output>
        </test-method> <!-- initializeExtentReport -->
        <test-method status="PASS" signature="startBrowserTest()[pri:0, instance:com.wipro.webdriver.tests.RegistrationAndAddToCart@4748a0f9]" name="startBrowserTest" is-config="true" duration-ms="7517" started-at="2018-02-07T11:31:57Z" description="Start browser" finished-at="2018-02-07T11:32:04Z">
          <reporter-output>
          </reporter-output>
        </test-method> <!-- startBrowserTest -->
        <test-method status="PASS" signature="proceedForRegistrationTest()[pri:0, instance:com.wipro.webdriver.tests.RegistrationAndAddToCart@4748a0f9]" name="proceedForRegistrationTest" duration-ms="4752" started-at="2018-02-07T11:32:04Z" description="Proceeding for new registration by clicking on create new account" finished-at="2018-02-07T11:32:09Z">
          <reporter-output>
          </reporter-output>
        </test-method> <!-- proceedForRegistrationTest -->
        <test-method status="PASS" signature="getResult(org.testng.ITestResult)[pri:0, instance:com.wipro.webdriver.tests.RegistrationAndAddToCart@4748a0f9]" name="getResult" is-config="true" duration-ms="71" started-at="2018-02-07T11:32:12Z" finished-at="2018-02-07T11:32:12Z">
          <params>
            <param index="0">
              <value>
                <![CDATA[[TestResult name=proceedForRegistrationTest status=SUCCESS method=RegistrationAndAddToCart.proceedForRegistrationTest()[pri:0, instance:com.wipro.webdriver.tests.RegistrationAndAddToCart@4748a0f9] output={null}]]]>
              </value>
            </param>
          </params>
          <reporter-output>
          </reporter-output>
        </test-method> <!-- getResult -->
        <test-method status="PASS" signature="setNewUserDetailsTest()[pri:0, instance:com.wipro.webdriver.tests.RegistrationAndAddToCart@4748a0f9]" name="setNewUserDetailsTest" duration-ms="13107" started-at="2018-02-07T11:32:12Z" description="Provide all mandatory new user details" depends-on-methods="com.wipro.webdriver.tests.RegistrationAndAddToCart.proceedForRegistrationTest" finished-at="2018-02-07T11:32:25Z">
          <reporter-output>
          </reporter-output>
        </test-method> <!-- setNewUserDetailsTest -->
        <test-method status="PASS" signature="getResult(org.testng.ITestResult)[pri:0, instance:com.wipro.webdriver.tests.RegistrationAndAddToCart@4748a0f9]" name="getResult" is-config="true" duration-ms="33" started-at="2018-02-07T11:32:27Z" finished-at="2018-02-07T11:32:27Z">
          <params>
            <param index="0">
              <value>
                <![CDATA[[TestResult name=setNewUserDetailsTest status=SUCCESS method=RegistrationAndAddToCart.setNewUserDetailsTest()[pri:0, instance:com.wipro.webdriver.tests.RegistrationAndAddToCart@4748a0f9] output={null}]]]>
              </value>
            </param>
          </params>
          <reporter-output>
          </reporter-output>
        </test-method> <!-- getResult -->
        <test-method status="PASS" signature="navigateToHomePageTest()[pri:0, instance:com.wipro.webdriver.tests.RegistrationAndAddToCart@4748a0f9]" name="navigateToHomePageTest" duration-ms="2085" started-at="2018-02-07T11:32:27Z" description="Navigate to the Home page" depends-on-methods="com.wipro.webdriver.tests.RegistrationAndAddToCart.setNewUserDetailsTest" finished-at="2018-02-07T11:32:29Z">
          <reporter-output>
          </reporter-output>
        </test-method> <!-- navigateToHomePageTest -->
        <test-method status="PASS" signature="getResult(org.testng.ITestResult)[pri:0, instance:com.wipro.webdriver.tests.RegistrationAndAddToCart@4748a0f9]" name="getResult" is-config="true" duration-ms="15" started-at="2018-02-07T11:32:32Z" finished-at="2018-02-07T11:32:32Z">
          <params>
            <param index="0">
              <value>
                <![CDATA[[TestResult name=navigateToHomePageTest status=SUCCESS method=RegistrationAndAddToCart.navigateToHomePageTest()[pri:0, instance:com.wipro.webdriver.tests.RegistrationAndAddToCart@4748a0f9] output={null}]]]>
              </value>
            </param>
          </params>
          <reporter-output>
          </reporter-output>
        </test-method> <!-- getResult -->
        <test-method status="PASS" signature="navigateToCommingSoonProductTest()[pri:0, instance:com.wipro.webdriver.tests.RegistrationAndAddToCart@4748a0f9]" name="navigateToCommingSoonProductTest" duration-ms="5588" started-at="2018-02-07T11:32:32Z" description="Navigate to auto populated adv. product details page" depends-on-methods="com.wipro.webdriver.tests.RegistrationAndAddToCart.navigateToHomePageTest" finished-at="2018-02-07T11:32:38Z">
          <reporter-output>
          </reporter-output>
        </test-method> <!-- navigateToCommingSoonProductTest -->
        <test-method status="PASS" signature="getResult(org.testng.ITestResult)[pri:0, instance:com.wipro.webdriver.tests.RegistrationAndAddToCart@4748a0f9]" name="getResult" is-config="true" duration-ms="21" started-at="2018-02-07T11:32:41Z" finished-at="2018-02-07T11:32:41Z">
          <params>
            <param index="0">
              <value>
                <![CDATA[[TestResult name=navigateToCommingSoonProductTest status=SUCCESS method=RegistrationAndAddToCart.navigateToCommingSoonProductTest()[pri:0, instance:com.wipro.webdriver.tests.RegistrationAndAddToCart@4748a0f9] output={null}]]]>
              </value>
            </param>
          </params>
          <reporter-output>
          </reporter-output>
        </test-method> <!-- getResult -->
        <test-method status="PASS" signature="addProductToTheWishListTest()[pri:0, instance:com.wipro.webdriver.tests.RegistrationAndAddToCart@4748a0f9]" name="addProductToTheWishListTest" duration-ms="4062" started-at="2018-02-07T11:32:41Z" description="Add product to the wish list" depends-on-methods="com.wipro.webdriver.tests.RegistrationAndAddToCart.navigateToCommingSoonProductTest" finished-at="2018-02-07T11:32:45Z">
          <reporter-output>
          </reporter-output>
        </test-method> <!-- addProductToTheWishListTest -->
        <test-method status="PASS" signature="getResult(org.testng.ITestResult)[pri:0, instance:com.wipro.webdriver.tests.RegistrationAndAddToCart@4748a0f9]" name="getResult" is-config="true" duration-ms="20" started-at="2018-02-07T11:32:47Z" finished-at="2018-02-07T11:32:47Z">
          <params>
            <param index="0">
              <value>
                <![CDATA[[TestResult name=addProductToTheWishListTest status=SUCCESS method=RegistrationAndAddToCart.addProductToTheWishListTest()[pri:0, instance:com.wipro.webdriver.tests.RegistrationAndAddToCart@4748a0f9] output={null}]]]>
              </value>
            </param>
          </params>
          <reporter-output>
          </reporter-output>
        </test-method> <!-- getResult -->
        <test-method status="PASS" signature="addProductToTheCartTest()[pri:0, instance:com.wipro.webdriver.tests.RegistrationAndAddToCart@4748a0f9]" name="addProductToTheCartTest" duration-ms="4891" started-at="2018-02-07T11:32:47Z" description="Add product to the cart and update the price" depends-on-methods="com.wipro.webdriver.tests.RegistrationAndAddToCart.addProductToTheWishListTest" finished-at="2018-02-07T11:32:52Z">
          <reporter-output>
          </reporter-output>
        </test-method> <!-- addProductToTheCartTest -->
        <test-method status="PASS" signature="getResult(org.testng.ITestResult)[pri:0, instance:com.wipro.webdriver.tests.RegistrationAndAddToCart@4748a0f9]" name="getResult" is-config="true" duration-ms="12" started-at="2018-02-07T11:32:55Z" finished-at="2018-02-07T11:32:55Z">
          <params>
            <param index="0">
              <value>
                <![CDATA[[TestResult name=addProductToTheCartTest status=SUCCESS method=RegistrationAndAddToCart.addProductToTheCartTest()[pri:0, instance:com.wipro.webdriver.tests.RegistrationAndAddToCart@4748a0f9] output={null}]]]>
              </value>
            </param>
          </params>
          <reporter-output>
          </reporter-output>
        </test-method> <!-- getResult -->
        <test-method status="PASS" signature="removeProductFromWishListTest()[pri:0, instance:com.wipro.webdriver.tests.RegistrationAndAddToCart@4748a0f9]" name="removeProductFromWishListTest" duration-ms="4981" started-at="2018-02-07T11:32:55Z" description="Remove product from wish list" depends-on-methods="com.wipro.webdriver.tests.RegistrationAndAddToCart.addProductToTheCartTest" finished-at="2018-02-07T11:33:00Z">
          <reporter-output>
          </reporter-output>
        </test-method> <!-- removeProductFromWishListTest -->
        <test-method status="PASS" signature="getResult(org.testng.ITestResult)[pri:0, instance:com.wipro.webdriver.tests.RegistrationAndAddToCart@4748a0f9]" name="getResult" is-config="true" duration-ms="16" started-at="2018-02-07T11:33:03Z" finished-at="2018-02-07T11:33:03Z">
          <params>
            <param index="0">
              <value>
                <![CDATA[[TestResult name=removeProductFromWishListTest status=SUCCESS method=RegistrationAndAddToCart.removeProductFromWishListTest()[pri:0, instance:com.wipro.webdriver.tests.RegistrationAndAddToCart@4748a0f9] output={null}]]]>
              </value>
            </param>
          </params>
          <reporter-output>
          </reporter-output>
        </test-method> <!-- getResult -->
        <test-method status="PASS" signature="stopBrowserTest()[pri:0, instance:com.wipro.webdriver.tests.RegistrationAndAddToCart@4748a0f9]" name="stopBrowserTest" is-config="true" duration-ms="2187" started-at="2018-02-07T11:33:03Z" description="Logout" finished-at="2018-02-07T11:33:05Z">
          <reporter-output>
          </reporter-output>
        </test-method> <!-- stopBrowserTest -->
        <test-method status="PASS" signature="deinitializeExtentReport()[pri:0, instance:com.wipro.webdriver.tests.RegistrationAndAddToCart@4748a0f9]" name="deinitializeExtentReport" is-config="true" duration-ms="140" started-at="2018-02-07T11:33:05Z" finished-at="2018-02-07T11:33:06Z">
          <reporter-output>
          </reporter-output>
        </test-method> <!-- deinitializeExtentReport -->
      </class> <!-- com.wipro.webdriver.tests.RegistrationAndAddToCart -->
    </test> <!-- OpenCart Tests -->
  </suite> <!-- OpenCart Suite -->
</testng-results>
