<?xml version="1.0" encoding="UTF-8"?>
<testng-results skipped="0" failed="0" ignored="0" total="7" passed="7">
  <reporter-output>
  </reporter-output>
  <suite name="OpenCart Suite" duration-ms="63509" started-at="2018-02-06T13:03:01Z" finished-at="2018-02-06T13:04:05Z">
    <groups>
    </groups>
    <test name="OpenCart Tests" duration-ms="63509" started-at="2018-02-06T13:03:01Z" finished-at="2018-02-06T13:04:05Z">
      <class name="com.wipro.webdriver.tests.RegistrationAndAddToCart">
        <test-method status="PASS" signature="initializeExtentReport()[pri:0, instance:com.wipro.webdriver.tests.RegistrationAndAddToCart@16414e40]" name="initializeExtentReport" is-config="true" duration-ms="110" started-at="2018-02-06T18:33:01Z" finished-at="2018-02-06T18:33:01Z">
          <reporter-output>
          </reporter-output>
        </test-method> <!-- initializeExtentReport -->
        <test-method status="PASS" signature="startBrowserTest()[pri:0, instance:com.wipro.webdriver.tests.RegistrationAndAddToCart@16414e40]" name="startBrowserTest" is-config="true" duration-ms="4302" started-at="2018-02-06T18:33:01Z" description="Start browser" finished-at="2018-02-06T18:33:05Z">
          <reporter-output>
          </reporter-output>
        </test-method> <!-- startBrowserTest -->
        <test-method status="PASS" signature="proceedForRegistrationTest()[pri:0, instance:com.wipro.webdriver.tests.RegistrationAndAddToCart@16414e40]" name="proceedForRegistrationTest" duration-ms="3547" started-at="2018-02-06T18:33:05Z" description="Proceeding for new registration by clicking on create new account" finished-at="2018-02-06T18:33:09Z">
          <reporter-output>
          </reporter-output>
        </test-method> <!-- proceedForRegistrationTest -->
        <test-method status="PASS" signature="getResult(org.testng.ITestResult)[pri:0, instance:com.wipro.webdriver.tests.RegistrationAndAddToCart@16414e40]" name="getResult" is-config="true" duration-ms="78" started-at="2018-02-06T18:33:12Z" finished-at="2018-02-06T18:33:12Z">
          <params>
            <param index="0">
              <value>
                <![CDATA[[TestResult name=proceedForRegistrationTest status=SUCCESS method=RegistrationAndAddToCart.proceedForRegistrationTest()[pri:0, instance:com.wipro.webdriver.tests.RegistrationAndAddToCart@16414e40] output={null}]]]>
              </value>
            </param>
          </params>
          <reporter-output>
          </reporter-output>
        </test-method> <!-- getResult -->
        <test-method status="PASS" signature="setNewUserDetailsTest()[pri:0, instance:com.wipro.webdriver.tests.RegistrationAndAddToCart@16414e40]" name="setNewUserDetailsTest" duration-ms="13482" started-at="2018-02-06T18:33:12Z" description="Provide all mandatory new user details" depends-on-methods="com.wipro.webdriver.tests.RegistrationAndAddToCart.proceedForRegistrationTest" finished-at="2018-02-06T18:33:25Z">
          <reporter-output>
          </reporter-output>
        </test-method> <!-- setNewUserDetailsTest -->
        <test-method status="PASS" signature="getResult(org.testng.ITestResult)[pri:0, instance:com.wipro.webdriver.tests.RegistrationAndAddToCart@16414e40]" name="getResult" is-config="true" duration-ms="31" started-at="2018-02-06T18:33:28Z" finished-at="2018-02-06T18:33:28Z">
          <params>
            <param index="0">
              <value>
                <![CDATA[[TestResult name=setNewUserDetailsTest status=SUCCESS method=RegistrationAndAddToCart.setNewUserDetailsTest()[pri:0, instance:com.wipro.webdriver.tests.RegistrationAndAddToCart@16414e40] output={null}]]]>
              </value>
            </param>
          </params>
          <reporter-output>
          </reporter-output>
        </test-method> <!-- getResult -->
        <test-method status="PASS" signature="navigateToHomePageTest()[pri:0, instance:com.wipro.webdriver.tests.RegistrationAndAddToCart@16414e40]" name="navigateToHomePageTest" duration-ms="2174" started-at="2018-02-06T18:33:28Z" description="Navigate to the Home page" depends-on-methods="com.wipro.webdriver.tests.RegistrationAndAddToCart.setNewUserDetailsTest" finished-at="2018-02-06T18:33:30Z">
          <reporter-output>
          </reporter-output>
        </test-method> <!-- navigateToHomePageTest -->
        <test-method status="PASS" signature="getResult(org.testng.ITestResult)[pri:0, instance:com.wipro.webdriver.tests.RegistrationAndAddToCart@16414e40]" name="getResult" is-config="true" duration-ms="16" started-at="2018-02-06T18:33:33Z" finished-at="2018-02-06T18:33:33Z">
          <params>
            <param index="0">
              <value>
                <![CDATA[[TestResult name=navigateToHomePageTest status=SUCCESS method=RegistrationAndAddToCart.navigateToHomePageTest()[pri:0, instance:com.wipro.webdriver.tests.RegistrationAndAddToCart@16414e40] output={null}]]]>
              </value>
            </param>
          </params>
          <reporter-output>
          </reporter-output>
        </test-method> <!-- getResult -->
        <test-method status="PASS" signature="navigateToCommingSoonProductTest()[pri:0, instance:com.wipro.webdriver.tests.RegistrationAndAddToCart@16414e40]" name="navigateToCommingSoonProductTest" duration-ms="5776" started-at="2018-02-06T18:33:33Z" description="Navigate to auto populated adv. product details page" depends-on-methods="com.wipro.webdriver.tests.RegistrationAndAddToCart.navigateToHomePageTest" finished-at="2018-02-06T18:33:39Z">
          <reporter-output>
          </reporter-output>
        </test-method> <!-- navigateToCommingSoonProductTest -->
        <test-method status="PASS" signature="getResult(org.testng.ITestResult)[pri:0, instance:com.wipro.webdriver.tests.RegistrationAndAddToCart@16414e40]" name="getResult" is-config="true" duration-ms="13" started-at="2018-02-06T18:33:41Z" finished-at="2018-02-06T18:33:41Z">
          <params>
            <param index="0">
              <value>
                <![CDATA[[TestResult name=navigateToCommingSoonProductTest status=SUCCESS method=RegistrationAndAddToCart.navigateToCommingSoonProductTest()[pri:0, instance:com.wipro.webdriver.tests.RegistrationAndAddToCart@16414e40] output={null}]]]>
              </value>
            </param>
          </params>
          <reporter-output>
          </reporter-output>
        </test-method> <!-- getResult -->
        <test-method status="PASS" signature="addProductToTheWishListTest()[pri:0, instance:com.wipro.webdriver.tests.RegistrationAndAddToCart@16414e40]" name="addProductToTheWishListTest" duration-ms="4606" started-at="2018-02-06T18:33:41Z" description="Add product to the wish list" depends-on-methods="com.wipro.webdriver.tests.RegistrationAndAddToCart.navigateToCommingSoonProductTest" finished-at="2018-02-06T18:33:46Z">
          <reporter-output>
          </reporter-output>
        </test-method> <!-- addProductToTheWishListTest -->
        <test-method status="PASS" signature="getResult(org.testng.ITestResult)[pri:0, instance:com.wipro.webdriver.tests.RegistrationAndAddToCart@16414e40]" name="getResult" is-config="true" duration-ms="32" started-at="2018-02-06T18:33:48Z" finished-at="2018-02-06T18:33:48Z">
          <params>
            <param index="0">
              <value>
                <![CDATA[[TestResult name=addProductToTheWishListTest status=SUCCESS method=RegistrationAndAddToCart.addProductToTheWishListTest()[pri:0, instance:com.wipro.webdriver.tests.RegistrationAndAddToCart@16414e40] output={null}]]]>
              </value>
            </param>
          </params>
          <reporter-output>
          </reporter-output>
        </test-method> <!-- getResult -->
        <test-method status="PASS" signature="addProductToTheCartTest()[pri:0, instance:com.wipro.webdriver.tests.RegistrationAndAddToCart@16414e40]" name="addProductToTheCartTest" duration-ms="4414" started-at="2018-02-06T18:33:48Z" description="Add product to the cart and update the price" depends-on-methods="com.wipro.webdriver.tests.RegistrationAndAddToCart.addProductToTheWishListTest" finished-at="2018-02-06T18:33:53Z">
          <reporter-output>
          </reporter-output>
        </test-method> <!-- addProductToTheCartTest -->
        <test-method status="PASS" signature="getResult(org.testng.ITestResult)[pri:0, instance:com.wipro.webdriver.tests.RegistrationAndAddToCart@16414e40]" name="getResult" is-config="true" duration-ms="7" started-at="2018-02-06T18:33:55Z" finished-at="2018-02-06T18:33:55Z">
          <params>
            <param index="0">
              <value>
                <![CDATA[[TestResult name=addProductToTheCartTest status=SUCCESS method=RegistrationAndAddToCart.addProductToTheCartTest()[pri:0, instance:com.wipro.webdriver.tests.RegistrationAndAddToCart@16414e40] output={null}]]]>
              </value>
            </param>
          </params>
          <reporter-output>
          </reporter-output>
        </test-method> <!-- getResult -->
        <test-method status="PASS" signature="removeProductFromWishListTest()[pri:0, instance:com.wipro.webdriver.tests.RegistrationAndAddToCart@16414e40]" name="removeProductFromWishListTest" duration-ms="5339" started-at="2018-02-06T18:33:55Z" description="Remove product from wish list" depends-on-methods="com.wipro.webdriver.tests.RegistrationAndAddToCart.addProductToTheCartTest" finished-at="2018-02-06T18:34:01Z">
          <reporter-output>
          </reporter-output>
        </test-method> <!-- removeProductFromWishListTest -->
        <test-method status="PASS" signature="getResult(org.testng.ITestResult)[pri:0, instance:com.wipro.webdriver.tests.RegistrationAndAddToCart@16414e40]" name="getResult" is-config="true" duration-ms="0" started-at="2018-02-06T18:34:03Z" finished-at="2018-02-06T18:34:03Z">
          <params>
            <param index="0">
              <value>
                <![CDATA[[TestResult name=removeProductFromWishListTest status=SUCCESS method=RegistrationAndAddToCart.removeProductFromWishListTest()[pri:0, instance:com.wipro.webdriver.tests.RegistrationAndAddToCart@16414e40] output={null}]]]>
              </value>
            </param>
          </params>
          <reporter-output>
          </reporter-output>
        </test-method> <!-- getResult -->
        <test-method status="PASS" signature="stopBrowserTest()[pri:0, instance:com.wipro.webdriver.tests.RegistrationAndAddToCart@16414e40]" name="stopBrowserTest" is-config="true" duration-ms="1608" started-at="2018-02-06T18:34:03Z" description="Logout" finished-at="2018-02-06T18:34:05Z">
          <reporter-output>
          </reporter-output>
        </test-method> <!-- stopBrowserTest -->
        <test-method status="PASS" signature="deinitializeExtentReport()[pri:0, instance:com.wipro.webdriver.tests.RegistrationAndAddToCart@16414e40]" name="deinitializeExtentReport" is-config="true" duration-ms="90" started-at="2018-02-06T18:34:05Z" finished-at="2018-02-06T18:34:05Z">
          <reporter-output>
          </reporter-output>
        </test-method> <!-- deinitializeExtentReport -->
      </class> <!-- com.wipro.webdriver.tests.RegistrationAndAddToCart -->
    </test> <!-- OpenCart Tests -->
  </suite> <!-- OpenCart Suite -->
</testng-results>
